<?xml version="1.0" encoding="UTF-8"?>
<!-- Generated by org.testng.reporters.JUnitXMLReporter -->
<testsuite ignored="0" hostname="Leonardo-PC" failures="0" tests="6" name="Default test" time="5.112" errors="0" timestamp="2022-01-19T17:08:39 ART">
  <testcase classname="ValidateUsersEndpoint" name="basicResponseTest" time="1.237"/>
  <testcase classname="ValidateUsersEndpoint" name="schemaValidation" time="0.781"/>
  <testcase classname="ValidateUsersEndpoint" name="testDataFields" time="0.87"/>
  <testcase classname="ValidateUsersEndpoint" name="testHeaders" time="0.774"/>
  <testcase classname="ValidateUsersEndpoint" name="whenLogResponse_thenOK" time="0.493"/>
  <testcase classname="ValidateUsersEndpoint" name="whenValidateResponseTime_thenSuccess" time="0.498"/>
</testsuite> <!-- Default test -->
