<?xml version="1.0" encoding="UTF-8"?>
<testng-results ignored="0" total="6" passed="6" failed="0" skipped="0">
  <reporter-output>
  </reporter-output>
  <suite started-at="2022-01-19T17:08:34 ART" name="Default suite" finished-at="2022-01-19T17:08:39 ART" duration-ms="5112">
    <groups>
    </groups>
    <test started-at="2022-01-19T17:08:34 ART" name="Default test" finished-at="2022-01-19T17:08:39 ART" duration-ms="5112">
      <class name="ValidateUsersEndpoint">
        <test-method is-config="true" signature="setup()[pri:0, instance:ValidateUsersEndpoint@1afd44cb]" started-at="2022-01-19T17:08:34 ART" name="setup" finished-at="2022-01-19T17:08:34 ART" duration-ms="432" status="PASS">
          <reporter-output>
          </reporter-output>
        </test-method> <!-- setup -->
        <test-method signature="basicResponseTest()[pri:0, instance:ValidateUsersEndpoint@1afd44cb]" started-at="2022-01-19T17:08:34 ART" name="basicResponseTest" finished-at="2022-01-19T17:08:36 ART" duration-ms="1237" status="PASS">
          <reporter-output>
          </reporter-output>
        </test-method> <!-- basicResponseTest -->
        <test-method signature="schemaValidation()[pri:0, instance:ValidateUsersEndpoint@1afd44cb]" started-at="2022-01-19T17:08:36 ART" name="schemaValidation" finished-at="2022-01-19T17:08:36 ART" duration-ms="781" status="PASS">
          <reporter-output>
          </reporter-output>
        </test-method> <!-- schemaValidation -->
        <test-method signature="testDataFields()[pri:0, instance:ValidateUsersEndpoint@1afd44cb]" started-at="2022-01-19T17:08:36 ART" name="testDataFields" finished-at="2022-01-19T17:08:37 ART" duration-ms="870" status="PASS">
          <reporter-output>
          </reporter-output>
        </test-method> <!-- testDataFields -->
        <test-method signature="testHeaders()[pri:0, instance:ValidateUsersEndpoint@1afd44cb]" started-at="2022-01-19T17:08:37 ART" name="testHeaders" finished-at="2022-01-19T17:08:38 ART" duration-ms="774" status="PASS">
          <reporter-output>
          </reporter-output>
        </test-method> <!-- testHeaders -->
        <test-method signature="whenLogResponse_thenOK()[pri:0, instance:ValidateUsersEndpoint@1afd44cb]" started-at="2022-01-19T17:08:38 ART" name="whenLogResponse_thenOK" finished-at="2022-01-19T17:08:38 ART" duration-ms="493" status="PASS">
          <reporter-output>
          </reporter-output>
        </test-method> <!-- whenLogResponse_thenOK -->
        <test-method signature="whenValidateResponseTime_thenSuccess()[pri:0, instance:ValidateUsersEndpoint@1afd44cb]" started-at="2022-01-19T17:08:38 ART" name="whenValidateResponseTime_thenSuccess" finished-at="2022-01-19T17:08:39 ART" duration-ms="498" status="PASS">
          <reporter-output>
          </reporter-output>
        </test-method> <!-- whenValidateResponseTime_thenSuccess -->
      </class> <!-- ValidateUsersEndpoint -->
    </test> <!-- Default test -->
  </suite> <!-- Default suite -->
</testng-results>
